2010/11/29 10:31:58 web.go serving 0.0.0.0:8080
2010/11/29 10:32:02 GET /
2010/11/29 10:32:02 GET /
2010/11/29 10:32:02 GET /
2010/11/29 10:32:36 web.go serving 0.0.0.0:8080
2010/11/29 10:32:37 GET /
2010/11/29 10:32:38 GET /
2010/11/29 10:32:38 GET /
2010/11/29 10:32:38 GET /
2010/11/29 10:40:08 web.go serving 0.0.0.0:8080
2010/11/29 10:40:28 GET /index.html
2010/11/29 11:04:57 web.go serving 0.0.0.0:8080
2010/11/29 11:05:02 GET /index.html
2010/11/29 11:05:09 GET /dml/index.html
2010/11/29 11:07:04 GET /dml/home/gary/Workspace/DML-Server/index.html
2010/11/29 11:17:59 web.go serving 0.0.0.0:8080
2010/11/29 11:18:04 GET /dml/home/gary/Workspace/DML-Server/index.html
2010/11/29 11:18:05 GET /dml/home/gary/Workspace/DML-Server/index.html
2010/11/29 11:18:05 GET /dml/home/gary/Workspace/DML-Server/index.html
2010/11/29 11:18:05 GET /dml/home/gary/Workspace/DML-Server/index.html
2010/11/29 21:39:00 web.go serving 0.0.0.0:8080
2010/11/29 21:39:06 GET /dml/
2010/11/29 21:39:07 GET /dml/
2010/11/29 21:39:26 GET /dml/g/home/gary/Projects/DML/Server/Current/
2010/11/29 21:39:28 GET /dml/g/home/gary/Projects/DML/Server/Current/
2010/11/29 21:39:28 GET /dml/g/home/gary/Projects/DML/Server/Current/
2010/11/29 21:39:29 GET /dml/g/home/gary/Projects/DML/Server/Current/
2010/11/29 21:39:56 web.go serving 0.0.0.0:8080
2010/11/29 21:39:57 GET /dml/g/home/gary/Projects/DML/Server/Current/
2010/11/29 21:42:18 web.go serving 0.0.0.0:8080
2010/11/29 21:42:22 GET /dml/g/home/gary/Projects/DML/Server/Current
2010/11/29 21:42:37 GET /dml
2010/11/29 21:42:37 Incorrect number of arguments for /dml
2010/11/29 21:42:47 GET /dml/
2010/11/29 21:43:53 web.go serving 0.0.0.0:8080
2010/11/29 21:43:55 GET /dml/g/home/gary/Projects/DML/Server/Current
2010/11/29 21:43:56 GET /dml/g/home/gary/Projects/DML/Server/Current
2010/11/29 21:43:58 GET /dml/g/home/gary/Projects/DML/Server/Current/
2010/11/29 21:44:03 GET /dml/
2010/11/29 21:44:05 GET /dml
2010/11/29 21:44:05 Incorrect number of arguments for /dml
2010/11/29 22:04:19 web.go serving 0.0.0.0:8080
2010/11/29 22:04:25 GET /dml/g/home/gary/Projects/DML/Server/Current/
2010/11/29 22:04:26 GET /dml/g/home/gary/Projects/DML/Server/Current/
2010/11/29 22:04:26 GET /dml/g/home/gary/Projects/DML/Server/Current/
2010/11/29 22:04:26 GET /dml/g/home/gary/Projects/DML/Server/Current/
2010/11/29 22:04:27 GET /dml/g/home/gary/Projects/DML/Server/Current/
2010/11/29 22:07:53 web.go serving 0.0.0.0:8080
2010/11/29 22:07:58 GET /dml/g/home/gary/Projects/DML/Server/Current/
2010/11/29 22:08:12 GET /dml/
2010/11/29 22:59:40 web.go serving 0.0.0.0:8080
2010/11/29 22:59:48 web.go serving 0.0.0.0:8080
2010/11/29 23:01:16 web.go serving 0.0.0.0:8080
2010/11/29 23:01:22 GET /dml-g/home/gary/Projects/DML/Server/Current/index.dml
2010/11/29 23:01:22 GET /dml-g/home/gary/Projects/DML/Server/Current/index.dml
2010/11/29 23:01:23 GET /dml-g/home/gary/Projects/DML/Server/Current/index.dml
2010/11/29 23:01:24 GET /dml-g/home/gary/Projects/DML/Server/Current/index.dml
2010/11/29 23:01:24 GET /dml-g/home/gary/Projects/DML/Server/Current/index.dml
2010/11/29 23:01:24 GET /dml-g/home/gary/Projects/DML/Server/Current/index.dml
2010/11/29 23:01:24 GET /dml-g/home/gary/Projects/DML/Server/Current/index.dml
2010/11/29 23:01:24 GET /dml-g/home/gary/Projects/DML/Server/Current/index.dml
2010/11/29 23:01:24 GET /dml-g/home/gary/Projects/DML/Server/Current/index.dml
2010/11/29 23:01:24 GET /dml-g/home/gary/Projects/DML/Server/Current/index.dml
2010/11/29 23:01:25 GET /dml-g/home/gary/Projects/DML/Server/Current/index.dml
2010/11/29 23:01:25 GET /dml-g/home/gary/Projects/DML/Server/Current/index.dml
2010/11/29 23:01:25 GET /dml-g/home/gary/Projects/DML/Server/Current/index.dml
2010/11/29 23:01:25 GET /dml-g/home/gary/Projects/DML/Server/Current/index.dml
2010/11/29 23:01:25 GET /dml-g/home/gary/Projects/DML/Server/Current/index.dml
2010/11/29 23:01:25 GET /dml-g/home/gary/Projects/DML/Server/Current/index.dml
2010/11/29 23:01:25 GET /dml-g/home/gary/Projects/DML/Server/Current/index.dml
2010/11/29 23:01:25 GET /dml-g/home/gary/Projects/DML/Server/Current/index.dml
2010/11/29 23:01:25 GET /dml-g/home/gary/Projects/DML/Server/Current/index.dml
2010/11/29 23:01:25 GET /dml-g/home/gary/Projects/DML/Server/Current/index.dml
2010/11/29 23:01:25 GET /dml-g/home/gary/Projects/DML/Server/Current/index.dml
2010/11/29 23:01:25 GET /dml-g/home/gary/Projects/DML/Server/Current/index.dml
2010/11/29 23:01:25 GET /dml-g/home/gary/Projects/DML/Server/Current/index.dml
2010/11/29 23:01:25 GET /dml-g/home/gary/Projects/DML/Server/Current/index.dml
2010/11/29 23:01:25 GET /dml-g/home/gary/Projects/DML/Server/Current/index.dml
2010/11/29 23:01:25 GET /dml-g/home/gary/Projects/DML/Server/Current/index.dml
2010/11/29 23:01:25 GET /dml-g/home/gary/Projects/DML/Server/Current/index.dml
2010/11/29 23:01:25 GET /dml-g/home/gary/Projects/DML/Server/Current/index.dml
2010/11/29 23:01:25 GET /dml-g/home/gary/Projects/DML/Server/Current/index.dml
2010/11/29 23:01:25 GET /dml-g/home/gary/Projects/DML/Server/Current/index.dml
2010/11/29 23:01:25 GET /dml-g/home/gary/Projects/DML/Server/Current/index.dml
2010/11/29 23:01:26 GET /dml-g/home/gary/Projects/DML/Server/Current/index.dml
2010/11/29 23:01:26 GET /dml-g/home/gary/Projects/DML/Server/Current/index.dml
2010/11/29 23:01:26 GET /dml-g/home/gary/Projects/DML/Server/Current/index.dml
2010/11/29 23:01:26 GET /dml-g/home/gary/Projects/DML/Server/Current/index.dml
2010/11/29 23:01:26 GET /dml-g/home/gary/Projects/DML/Server/Current/index.dml
2010/11/29 23:01:26 GET /dml-g/home/gary/Projects/DML/Server/Current/index.dml
2010/11/29 23:01:26 GET /dml-g/home/gary/Projects/DML/Server/Current/index.dml
2010/11/29 23:01:26 GET /dml-g/home/gary/Projects/DML/Server/Current/index.dml
2010/11/29 23:01:26 GET /dml-g/home/gary/Projects/DML/Server/Current/index.dml
2010/11/29 23:01:26 GET /dml-g/home/gary/Projects/DML/Server/Current/index.dml
2010/11/29 23:01:26 GET /dml-g/home/gary/Projects/DML/Server/Current/index.dml
2010/11/29 23:01:26 GET /dml-g/home/gary/Projects/DML/Server/Current/index.dml
2010/11/29 23:01:26 GET /dml-g/home/gary/Projects/DML/Server/Current/index.dml
2010/11/29 23:01:26 GET /dml-g/home/gary/Projects/DML/Server/Current/index.dml
2010/11/29 23:01:26 GET /dml-g/home/gary/Projects/DML/Server/Current/index.dml
2010/11/29 23:01:26 GET /dml-g/home/gary/Projects/DML/Server/Current/index.dml
2010/11/29 23:01:26 GET /dml-g/home/gary/Projects/DML/Server/Current/index.dml
2010/11/29 23:01:26 GET /dml-g/home/gary/Projects/DML/Server/Current/index.dml
2010/11/29 23:01:26 GET /dml-g/home/gary/Projects/DML/Server/Current/index.dml
2010/11/29 23:01:26 GET /dml-g/home/gary/Projects/DML/Server/Current/index.dml
2010/11/29 23:01:26 GET /dml-g/home/gary/Projects/DML/Server/Current/index.dml
2010/11/29 23:01:27 GET /dml-g/home/gary/Projects/DML/Server/Current/index.dml
2010/11/29 23:01:27 GET /dml-g/home/gary/Projects/DML/Server/Current/index.dml
2010/11/29 23:01:27 GET /dml-g/home/gary/Projects/DML/Server/Current/index.dml
2010/11/29 23:01:27 GET /dml-g/home/gary/Projects/DML/Server/Current/index.dml
2010/11/29 23:01:27 GET /dml-g/home/gary/Projects/DML/Server/Current/index.dml
2010/11/29 23:01:27 GET /dml-g/home/gary/Projects/DML/Server/Current/index.dml
2010/11/29 23:01:27 GET /dml-g/home/gary/Projects/DML/Server/Current/index.dml
2010/11/30 10:35:56 web.go serving 0.0.0.0:8080
2010/11/30 10:36:58 web.go serving 0.0.0.0:8080
2010/11/30 10:37:05 GET /dml/Story2.dml
2010/11/30 10:37:05 GET /dml/default.css
2010/11/30 10:51:12 web.go serving 0.0.0.0:8080
2010/11/30 10:51:19 GET /dml/Story2.dml
2010/11/30 10:51:19 GET /dml/default.css
2010/11/30 10:52:45 GET /dml/Story2.dml
2010/11/30 10:52:45 GET /dml/default.css
2010/11/30 10:52:47 GET /dml/Story2.dml
2010/11/30 10:52:47 GET /dml/default.css
2010/11/30 10:52:47 GET /dml/Story2.dml
2010/11/30 10:52:47 GET /dml/default.css
2010/11/30 10:52:47 GET /dml/Story2.dml
2010/11/30 10:52:47 GET /dml/default.css
2010/11/30 10:52:47 GET /dml/Story2.dml
2010/11/30 10:52:47 GET /dml/default.css
2010/11/30 10:52:47 GET /dml/Story2.dml
2010/11/30 10:52:47 GET /dml/default.css
2010/11/30 10:52:47 GET /dml/Story2.dml
2010/11/30 10:52:47 GET /dml/default.css
2010/11/30 10:52:47 GET /dml/Story2.dml
2010/11/30 10:52:48 GET /dml/default.css
2010/11/30 10:52:48 GET /dml/Story2.dml
2010/11/30 10:52:48 GET /dml/default.css
2010/11/30 10:52:48 GET /dml/Story2.dml
2010/11/30 10:52:48 GET /dml/default.css
2010/11/30 10:52:48 GET /dml/Story2.dml
2010/11/30 10:52:48 GET /dml/default.css
2010/11/30 10:52:48 GET /dml/Story2.dml
2010/11/30 10:52:48 GET /dml/default.css
2010/11/30 10:52:48 GET /dml/Story2.dml
2010/11/30 10:52:48 GET /dml/default.css
2010/11/30 10:52:48 GET /dml/Story2.dml
2010/11/30 10:52:48 GET /dml/default.css
2010/11/30 10:52:48 GET /dml/Story2.dml
2010/11/30 10:52:48 GET /dml/default.css
2010/11/30 10:52:48 GET /dml/Story2.dml
2010/11/30 10:52:48 GET /dml/default.css
2010/11/30 10:52:51 GET /dml/Story2.dml
2010/11/30 10:52:51 GET /dml/default.css
2010/11/30 10:52:51 GET /dml/Story2.dml
2010/11/30 10:52:51 GET /dml/default.css
2010/11/30 10:52:51 GET /dml/Story2.dml
2010/11/30 10:52:51 GET /dml/default.css
2010/11/30 10:52:51 GET /dml/Story2.dml
2010/11/30 10:52:51 GET /dml/default.css
2010/11/30 10:52:51 GET /dml/Story2.dml
2010/11/30 10:52:51 GET /dml/default.css
2010/11/30 10:52:51 GET /dml/Story2.dml
2010/11/30 10:52:51 GET /dml/default.css
2010/11/30 10:52:51 GET /dml/Story2.dml
2010/11/30 10:52:51 GET /dml/default.css
2010/11/30 10:52:51 GET /dml/Story2.dml
2010/11/30 10:52:51 GET /dml/default.css
2010/11/30 10:52:51 GET /dml/Story2.dml
2010/11/30 10:52:51 GET /dml/default.css
2010/11/30 10:52:51 GET /dml/Story2.dml
2010/11/30 10:52:52 GET /dml/default.css
2010/11/30 10:52:52 GET /dml/Story2.dml
2010/11/30 10:52:52 GET /dml/default.css
2010/11/30 10:52:52 GET /dml/Story2.dml
2010/11/30 10:52:52 GET /dml/default.css
2010/11/30 10:52:52 GET /dml/Story2.dml
2010/11/30 10:52:52 GET /dml/default.css
2010/11/30 10:52:52 GET /dml/Story2.dml
2010/11/30 10:52:52 GET /dml/default.css
2010/11/30 10:52:52 GET /dml/Story2.dml
2010/11/30 10:52:52 GET /dml/default.css
2010/11/30 10:52:52 GET /dml/Story2.dml
2010/11/30 10:52:52 GET /dml/default.css
2010/11/30 10:52:52 GET /dml/Story2.dml
2010/11/30 10:52:52 GET /dml/default.css
2010/11/30 10:52:52 GET /dml/Story2.dml
2010/11/30 10:52:52 GET /dml/default.css
2010/11/30 10:52:52 GET /dml/Story2.dml
2010/11/30 10:52:52 GET /dml/default.css
2010/11/30 10:52:52 GET /dml/Story2.dml
2010/11/30 10:52:52 GET /dml/default.css
2010/11/30 10:52:52 GET /dml/Story2.dml
2010/11/30 10:52:52 GET /dml/default.css
2010/11/30 10:52:52 GET /dml/Story2.dml
2010/11/30 10:52:52 GET /dml/default.css
2010/11/30 10:52:52 GET /dml/Story2.dml
2010/11/30 10:52:52 GET /dml/default.css
2010/11/30 10:52:52 GET /dml/Story2.dml
2010/11/30 10:52:52 GET /dml/default.css
2010/11/30 10:52:52 GET /dml/Story2.dml
2010/11/30 10:52:52 GET /dml/default.css
2010/11/30 10:52:52 GET /dml/Story2.dml
2010/11/30 10:52:52 GET /dml/default.css
2010/11/30 10:52:53 GET /dml/Story2.dml
2010/11/30 10:52:53 GET /dml/default.css
2010/11/30 10:52:53 GET /dml/Story2.dml
2010/11/30 10:52:53 GET /dml/default.css
2010/11/30 10:52:53 GET /dml/Story2.dml
2010/11/30 10:52:53 GET /dml/default.css
2010/11/30 10:52:53 GET /dml/Story2.dml
2010/11/30 10:52:53 GET /dml/default.css
2010/11/30 10:52:53 GET /dml/Story2.dml
2010/11/30 10:52:53 GET /dml/default.css
2010/11/30 10:52:53 GET /dml/Story2.dml
2010/11/30 10:52:53 GET /dml/default.css
2010/11/30 10:52:53 GET /dml/Story2.dml
2010/11/30 10:52:53 GET /dml/default.css
2010/11/30 10:52:53 GET /dml/Story2.dml
2010/11/30 10:52:53 GET /dml/default.css
2010/11/30 10:52:53 GET /dml/Story2.dml
2010/11/30 10:52:53 GET /dml/default.css
2010/11/30 10:52:53 GET /dml/Story2.dml
2010/11/30 10:52:53 GET /dml/default.css
2010/11/30 10:52:53 GET /dml/Story2.dml
2010/11/30 10:52:53 GET /dml/default.css
2010/11/30 10:52:53 GET /dml/Story2.dml
2010/11/30 10:52:53 GET /dml/default.css
2010/11/30 10:52:53 GET /dml/Story2.dml
2010/11/30 10:52:53 GET /dml/default.css
2010/11/30 10:52:53 GET /dml/Story2.dml
2010/11/30 10:52:53 GET /dml/default.css
2010/11/30 10:52:53 GET /dml/Story2.dml
2010/11/30 10:52:53 GET /dml/default.css
2010/11/30 10:52:53 GET /dml/Story2.dml
2010/11/30 10:52:53 GET /dml/default.css
2010/11/30 10:52:53 GET /dml/Story2.dml
2010/11/30 10:52:53 GET /dml/default.css
2010/11/30 10:52:54 GET /dml/Story2.dml
2010/11/30 10:52:54 GET /dml/default.css
2010/11/30 10:52:54 GET /dml/Story2.dml
2010/11/30 10:52:54 GET /dml/default.css
2010/11/30 10:52:54 GET /dml/Story2.dml
2010/11/30 10:52:54 GET /dml/default.css
2010/11/30 10:52:54 GET /dml/Story2.dml
2010/11/30 10:52:54 GET /dml/default.css
2010/11/30 10:52:54 GET /dml/Story2.dml
2010/11/30 10:52:54 GET /dml/default.css
2010/11/30 10:52:54 GET /dml/Story2.dml
2010/11/30 10:52:54 GET /dml/default.css
2010/11/30 10:52:54 GET /dml/Story2.dml
2010/11/30 10:52:54 GET /dml/default.css
2010/11/30 10:52:54 GET /dml/Story2.dml
2010/11/30 10:52:54 GET /dml/default.css
2010/11/30 10:52:54 GET /dml/Story2.dml
2010/11/30 10:52:54 GET /dml/default.css
2010/11/30 10:52:54 GET /dml/Story2.dml
2010/11/30 10:52:54 GET /dml/default.css
2010/11/30 10:52:54 GET /dml/Story2.dml
2010/11/30 10:52:54 GET /dml/default.css
2010/11/30 10:52:54 GET /dml/Story2.dml
2010/11/30 10:52:54 GET /dml/default.css
2010/11/30 10:52:54 GET /dml/Story2.dml
2010/11/30 10:52:54 GET /dml/default.css
2010/11/30 10:52:54 GET /dml/Story2.dml
2010/11/30 10:52:54 GET /dml/default.css
2010/11/30 10:52:54 GET /dml/Story2.dml
2010/11/30 10:52:54 GET /dml/Story2.dml
2010/11/30 10:52:54 GET /dml/default.css
2010/11/30 10:52:54 GET /dml/Story2.dml
2010/11/30 10:52:54 GET /dml/default.css
2010/11/30 10:52:55 GET /dml/Story2.dml
2010/11/30 10:52:55 GET /dml/default.css
2010/11/30 10:52:55 GET /dml/Story2.dml
2010/11/30 10:52:55 GET /dml/default.css
2010/11/30 10:52:55 GET /dml/Story2.dml
2010/11/30 10:52:55 GET /dml/default.css
2010/11/30 10:52:55 GET /dml/Story2.dml
2010/11/30 10:52:55 GET /dml/default.css
2010/11/30 10:52:55 GET /dml/Story2.dml
2010/11/30 10:52:55 GET /dml/default.css
2010/11/30 10:52:55 GET /dml/Story2.dml
2010/11/30 10:52:55 GET /dml/default.css
2010/11/30 10:52:55 GET /dml/Story2.dml
2010/11/30 10:52:55 GET /dml/default.css
2010/11/30 10:52:55 GET /dml/Story2.dml
2010/11/30 10:52:55 GET /dml/default.css
2010/11/30 10:52:55 GET /dml/Story2.dml
2010/11/30 10:52:55 GET /dml/default.css
2010/11/30 10:52:55 GET /dml/Story2.dml
2010/11/30 10:52:55 GET /dml/default.css
2010/11/30 10:52:55 GET /dml/Story2.dml
2010/11/30 10:52:55 GET /dml/default.css
2010/11/30 10:52:55 GET /dml/Story2.dml
2010/11/30 10:52:55 GET /dml/default.css
2010/11/30 10:52:55 GET /dml/Story2.dml
2010/11/30 10:52:55 GET /dml/default.css
2010/11/30 10:52:55 GET /dml/Story2.dml
2010/11/30 10:52:55 GET /dml/default.css
2010/11/30 10:52:55 GET /dml/Story2.dml
2010/11/30 10:52:55 GET /dml/default.css
2010/11/30 10:52:55 GET /dml/Story2.dml
2010/11/30 10:52:55 GET /dml/default.css
2010/11/30 10:52:55 GET /dml/Story2.dml
2010/11/30 10:52:55 GET /dml/default.css
2010/11/30 10:52:56 GET /dml/Story2.dml
2010/11/30 10:52:56 GET /dml/default.css
2010/11/30 10:52:56 GET /dml/Story2.dml
2010/11/30 10:52:56 GET /dml/default.css
2010/11/30 10:52:56 GET /dml/Story2.dml
2010/11/30 10:52:56 GET /dml/default.css
2010/11/30 10:52:56 GET /dml/Story2.dml
2010/11/30 10:52:56 GET /dml/default.css
2010/11/30 10:52:56 GET /dml/Story2.dml
2010/11/30 10:52:56 GET /dml/default.css
2010/11/30 10:52:56 GET /dml/Story2.dml
2010/11/30 10:52:56 GET /dml/default.css
2010/11/30 10:52:56 GET /dml/Story2.dml
2010/11/30 10:52:56 GET /dml/default.css
2010/11/30 10:52:56 GET /dml/Story2.dml
2010/11/30 10:52:56 GET /dml/default.css
2010/11/30 10:52:56 GET /dml/Story2.dml
2010/11/30 10:52:56 GET /dml/default.css
2010/11/30 11:10:43 web.go serving 0.0.0.0:8080
2010/11/30 11:10:46 GET /dml/Story2.dml
2010/11/30 11:11:26 web.go serving 0.0.0.0:8080
2010/11/30 11:11:29 GET /dml/Story2.dml
2010/11/30 11:11:29 GET /dml/default.css
2010/11/30 11:11:57 GET /dml/home/gary/Projects/DML/Server/Current/Story2.dml
2010/11/30 11:12:05 GET /dml-g/home/gary/Projects/DML/Server/Current/Story2.dml
2010/11/30 11:12:15 web.go serving 0.0.0.0:8080
2010/11/30 11:12:18 GET /dml-g/home/gary/Projects/DML/Server/Current/Story2.dml
2010/11/30 11:12:18 GET /dml-g/home/gary/Projects/DML/Server/Current/default.css
2010/11/30 11:12:30 GET /dml/home/gary/Projects/DML/Server/Current/Story2.dml
2010/11/30 11:16:31 web.go serving 0.0.0.0:8080
2010/11/30 11:16:34 GET /dml/Story2.dml
2010/11/30 11:16:34 GET /dml/default.css
2010/11/30 11:16:35 GET /dml/Story2.dml
2010/11/30 11:16:35 GET /dml/default.css
2010/11/30 11:16:46 GET /dml/default.css
2010/11/30 11:49:19 web.go serving 0.0.0.0:8080
2010/11/30 12:19:22 GET /dml/Story2.dml
2010/11/30 12:19:22 GET /favicon.ico
2010/11/30 13:03:50 web.go serving 0.0.0.0:8080
2010/11/30 13:04:07 GET /dml/Story2.dml
2010/11/30 13:04:07 GET /dml/default.css
2010/11/30 13:04:07 GET /favicon.ico
2010/11/30 14:26:04 web.go serving 0.0.0.0:15448
2010/11/30 14:26:08 GET /dml/Story2.dml
2010/11/30 14:26:08 GET /dml/default.css
2010/11/30 14:26:08 GET /favicon.ico
2010/11/30 14:26:09 GET /dml/Story2.dml
2010/11/30 14:26:09 GET /dml/default.css
2010/11/30 14:26:09 GET /favicon.ico
2010/11/30 14:26:09 GET /dml/Story2.dml
2010/11/30 14:26:09 GET /dml/default.css
2010/11/30 14:26:09 GET /favicon.ico
2010/11/30 14:28:53 web.go serving 0.0.0.0:15448
2010/11/30 14:28:56 GET /dml/Story2.dml
2010/11/30 14:28:56 GET /dml/default.css
2010/11/30 14:28:56 GET /favicon.ico
2010/11/30 14:28:56 GET /dml/Story2.dml
2010/11/30 14:28:56 GET /dml/default.css
2010/11/30 14:28:56 GET /favicon.ico
2010/11/30 14:28:57 GET /dml/Story2.dml
2010/11/30 14:28:57 GET /dml/default.css
2010/11/30 14:28:57 GET /favicon.ico
2010/11/30 17:29:04 GET /dml/Story2.dml
2010/11/30 17:29:04 GET /dml/default.css
2010/11/30 17:29:04 GET /favicon.ico
2010/11/30 17:29:27 web.go serving 0.0.0.0:15448
2010/11/30 17:29:38 GET /Story2.dml
2010/11/30 17:29:39 GET /favicon.ico
2010/11/30 17:29:41 GET /favicon.ico
2010/11/30 17:29:47 GET /Story2.dml
2010/11/30 17:29:47 GET /favicon.ico
2010/11/30 17:29:55 GET /favicon.ico
2010/11/30 17:29:58 GET /dml/Story2.dml
2010/11/30 17:29:58 GET /favicon.ico
2010/11/30 17:29:59 GET /dml/Story2.dml
2010/11/30 17:29:59 GET /dml/default.css
2010/11/30 17:29:59 GET /favicon.ico
2010/11/30 17:30:00 GET /favicon.ico
2010/11/30 17:30:04 GET /favicon.ico
2010/11/30 17:43:46 GET /favicon.ico
2010/11/30 17:47:57 GET /dml/Story2.dml
2010/11/30 17:47:57 GET /favicon.ico
2010/11/30 17:47:58 GET /dml/Story2.dml
2010/11/30 17:47:58 GET /dml/default.css
2010/11/30 17:47:58 GET /favicon.ico
2010/11/30 17:47:58 GET /dml/Story2.dml
2010/11/30 17:47:58 GET /dml/default.css
2010/11/30 17:47:58 GET /favicon.ico
2010/11/30 17:47:59 GET /dml/Story2.dml
2010/11/30 17:47:59 GET /dml/default.css
2010/11/30 17:47:59 GET /favicon.ico
2010/11/30 17:48:49 GET /dml/Story2.dml
2010/11/30 17:48:49 GET /dml/default.css
2010/11/30 17:48:49 GET /favicon.ico
2010/11/30 17:50:10 GET /dml/Story2.dml
2010/11/30 17:50:10 GET /dml/default.css
2010/11/30 17:50:10 GET /favicon.ico
2010/11/30 17:50:53 GET /dml/Story2.dml
2010/11/30 17:50:53 GET /dml/default.css
2010/11/30 17:50:53 GET /favicon.ico
2010/11/30 19:15:32 web.go serving 0.0.0.0:15448
2010/11/30 19:15:41 GET /dml/Story2.dml
2010/11/30 19:15:41 GET /dml/default.css
2010/11/30 19:15:41 GET /favicon.ico
2010/11/30 20:01:57 web.go serving 0.0.0.0:15448
2010/11/30 20:01:59 GET /dml/Story2.dml
2010/11/30 20:02:00 GET /dml/default.css
2010/11/30 20:02:00 GET /favicon.ico
2010/11/30 20:02:24 web.go serving 0.0.0.0:15448
2010/12/01 11:00:34 web.go serving 0.0.0.0:15448
2010/12/01 11:01:27 GET /dml/DML.dml
2010/12/01 11:01:27 GET /dml/default.css
2010/12/01 11:01:28 GET /dml/DML.dml
2010/12/01 11:01:28 GET /dml/default.css
2010/12/01 11:01:28 GET /dml/DML.dml
2010/12/01 11:01:28 GET /dml/default.css
2010/12/01 11:01:59 web.go serving 0.0.0.0:15448
2010/12/01 11:02:00 GET /dml/DML.dml
2010/12/01 11:02:00 GET /dml/default.css
2010/12/01 11:02:13 web.go serving 0.0.0.0:15448
2010/12/01 11:02:16 GET /dml/DML.dml
2010/12/01 11:02:16 GET /dml/default.css
2010/12/01 11:03:52 web.go serving 0.0.0.0:15448
2010/12/01 11:03:53 GET /dml/DML.dml
2010/12/01 11:03:53 GET /dml/default.css
2010/12/01 11:07:24 web.go serving 0.0.0.0:15448
2010/12/01 11:07:28 GET /dml/DML.dml
2010/12/01 11:07:28 GET /dml/default.css
2010/12/01 11:09:37 GET /dml/Story2.dml
2010/12/01 11:09:37 GET /dml/default.css
2010/12/01 11:12:41 web.go serving 0.0.0.0:15448
2010/12/01 11:12:53 web.go serving 0.0.0.0:15448
2010/12/01 11:12:55 GET /dml/Story2.dml
2010/12/01 11:12:55 GET /dml/default.css
2010/12/01 11:12:56 GET /dml/Story2.dml
2010/12/01 11:12:56 GET /dml/default.css
2010/12/01 11:13:07 GET /dml/Story2.dml
2010/12/01 11:13:07 GET /dml/default.css
2010/12/01 11:13:07 GET /dml/Story2.dml
2010/12/01 11:13:07 GET /dml/default.css
2010/12/01 11:14:53 web.go serving 0.0.0.0:15448
2010/12/01 11:14:53 GET /dml/Story2.dml
2010/12/01 11:14:53 GET /dml/default.css
2010/12/01 11:15:51 web.go serving 0.0.0.0:15448
2010/12/01 11:15:52 GET /dml/Story2.dml
2010/12/01 11:15:52 GET /dml/default.css
2010/12/02 16:37:22 web.go serving 0.0.0.0:15448
2010/12/02 16:37:34 GET /dml/Story2.dml
2010/12/02 17:38:19 GET /dml/Story2.dml?style=red
2010/12/02 17:38:31 GET /dml/DML.dml?style=red
2010/12/02 17:40:17 GET /dml/DML.dml?style=black
